.android/plugins_build_output/google_mobile_ads/intermediates/manifest_merge_blame_file/debug/manifest-merger-blame-debug-report.txt
1<?xml version="1.0" encoding="utf-8"?>
2<manifest xmlns:android="http://schemas.android.com/apk/res/android"
3    package="io.flutter.plugins.googlemobileads" >
4
5    <uses-sdk android:minSdkVersion="21" />
6
7    <uses-permission android:name="android.permission.INTERNET" />
7-->src/main/AndroidManifest.xml:3:3-65
7-->src/main/AndroidManifest.xml:3:20-62
8
9    <application>
9-->src/main/AndroidManifest.xml:4:3-8:17
10        <meta-data
10-->src/main/AndroidManifest.xml:5:5-7:30
11            android:name="io.flutter.embedded_views_preview"
11-->src/main/AndroidManifest.xml:6:7-55
12            android:value="true" />
12-->src/main/AndroidManifest.xml:7:7-27
13    </application>
14
15</manifest>